{
  "0 debug pnpm:scope": {
    "selected": 1
  },
  "1 error pnpm": {
    "code": "ERR_PNPM_META_FETCH_FAIL",
    "attempts": 1,
    "err": {
      "name": "Error",
      "message": "GET http://registry.cnpmjs.org/pnpm: request to http://registry.cnpmjs.org/pnpm failed, reason: getaddrinfo ENOTFOUND registry.cnpmjs.org",
      "code": "ERR_PNPM_META_FETCH_FAIL",
      "stack": "Error: GET http://registry.cnpmjs.org/pnpm: request to http://registry.cnpmjs.org/pnpm failed, reason: getaddrinfo ENOTFOUND registry.cnpmjs.org\n    at RetryOperation._fn (C:\\Users\\Administrator\\AppData\\Roaming\\npm\\node_modules\\pnpm\\dist\\pnpm.cjs:84944:18)\n    at processTicksAndRejections (node:internal/process/task_queues:96:5)"
    }
  },
  "2 debug pnpm": "Using cached meta from C:\\Users\\Administrator\\AppData\\Local\\pnpm-cache\\metadata\\registry.cnpmjs.org\\pnpm.json",
  "3 debug pnpm:update-check": {
    "currentVersion": "6.22.2",
    "latestVersion": "6.24.3"
  },
  "4 debug pnpm:package-manifest": {
    "initial": {
      "name": "history",
      "version": "0.1.0",
      "private": true,
      "scripts": {
        "serve": "vue-cli-service serve",
        "build": "vue-cli-service build"
      },
      "dependencies": {
        "core-js": "^3.6.5",
        "vue": "^2.6.11",
        "vue-router": "^3.2.0"
      },
      "devDependencies": {
        "@vue/cli-plugin-babel": "~4.5.0",
        "@vue/cli-plugin-router": "~4.5.0",
        "@vue/cli-service": "~4.5.0",
        "babel-plugin-component": "^1.1.1",
        "sass": "^1.40.1",
        "sass-loader": "^10.0.0",
        "vue-cli-plugin-element": "~1.0.1",
        "vue-template-compiler": "^2.6.11"
      }
    },
    "prefix": "G:\\03-project\\LearnVue\\07-Vue小功能\\01-Vue实现历史浏览记录功能(单独项目)"
  },
  "5 debug pnpm:context": {
    "currentLockfileExists": false,
    "storeDir": "G:\\.pnpm-store\\v3",
    "virtualStoreDir": "G:\\03-project\\LearnVue\\07-Vue小功能\\01-Vue实现历史浏览记录功能(单独项目)\\node_modules\\.pnpm"
  },
  "6 debug pnpm:stage": {
    "prefix": "G:\\03-project\\LearnVue\\07-Vue小功能\\01-Vue实现历史浏览记录功能(单独项目)",
    "stage": "resolution_started"
  },
  "7 debug pnpm:request-retry": {
    "attempt": 1,
    "error": {
      "type": "system",
      "errno": "ENOTFOUND",
      "code": "ENOTFOUND",
      "erroredSysCall": "getaddrinfo"
    },
    "maxRetries": 2,
    "method": "GET",
    "timeout": 10000,
    "url": "http://registry.cnpmjs.org/@vue%2Fcli-plugin-babel"
  },
  "8 debug pnpm:request-retry": {
    "attempt": 1,
    "error": {
      "type": "system",
      "errno": "ENOTFOUND",
      "code": "ENOTFOUND",
      "erroredSysCall": "getaddrinfo"
    },
    "maxRetries": 2,
    "method": "GET",
    "timeout": 10000,
    "url": "http://registry.cnpmjs.org/@vue%2Fcli-plugin-router"
  },
  "9 debug pnpm:request-retry": {
    "attempt": 1,
    "error": {
      "type": "system",
      "errno": "ENOTFOUND",
      "code": "ENOTFOUND",
      "erroredSysCall": "getaddrinfo"
    },
    "maxRetries": 2,
    "method": "GET",
    "timeout": 10000,
    "url": "http://registry.cnpmjs.org/@vue%2Fcli-service"
  },
  "10 debug pnpm:request-retry": {
    "attempt": 1,
    "error": {
      "type": "system",
      "errno": "ENOTFOUND",
      "code": "ENOTFOUND",
      "erroredSysCall": "getaddrinfo"
    },
    "maxRetries": 2,
    "method": "GET",
    "timeout": 10000,
    "url": "http://registry.cnpmjs.org/babel-plugin-component"
  },
  "11 debug pnpm:request-retry": {
    "attempt": 1,
    "error": {
      "type": "system",
      "errno": "ENOTFOUND",
      "code": "ENOTFOUND",
      "erroredSysCall": "getaddrinfo"
    },
    "maxRetries": 2,
    "method": "GET",
    "timeout": 10000,
    "url": "http://registry.cnpmjs.org/sass"
  },
  "12 debug pnpm:request-retry": {
    "attempt": 1,
    "error": {
      "type": "system",
      "errno": "ENOTFOUND",
      "code": "ENOTFOUND",
      "erroredSysCall": "getaddrinfo"
    },
    "maxRetries": 2,
    "method": "GET",
    "timeout": 10000,
    "url": "http://registry.cnpmjs.org/sass-loader"
  },
  "13 debug pnpm:request-retry": {
    "attempt": 1,
    "error": {
      "type": "system",
      "errno": "ENOTFOUND",
      "code": "ENOTFOUND",
      "erroredSysCall": "getaddrinfo"
    },
    "maxRetries": 2,
    "method": "GET",
    "timeout": 10000,
    "url": "http://registry.cnpmjs.org/vue-cli-plugin-element"
  },
  "14 debug pnpm:request-retry": {
    "attempt": 1,
    "error": {
      "type": "system",
      "errno": "ENOTFOUND",
      "code": "ENOTFOUND",
      "erroredSysCall": "getaddrinfo"
    },
    "maxRetries": 2,
    "method": "GET",
    "timeout": 10000,
    "url": "http://registry.cnpmjs.org/vue-template-compiler"
  },
  "15 debug pnpm:request-retry": {
    "attempt": 1,
    "error": {
      "type": "system",
      "errno": "ENOTFOUND",
      "code": "ENOTFOUND",
      "erroredSysCall": "getaddrinfo"
    },
    "maxRetries": 2,
    "method": "GET",
    "timeout": 10000,
    "url": "http://registry.cnpmjs.org/core-js"
  },
  "16 debug pnpm:request-retry": {
    "attempt": 1,
    "error": {
      "type": "system",
      "errno": "ENOTFOUND",
      "code": "ENOTFOUND",
      "erroredSysCall": "getaddrinfo"
    },
    "maxRetries": 2,
    "method": "GET",
    "timeout": 10000,
    "url": "http://registry.cnpmjs.org/vue"
  },
  "17 debug pnpm:request-retry": {
    "attempt": 1,
    "error": {
      "type": "system",
      "errno": "ENOTFOUND",
      "code": "ENOTFOUND",
      "erroredSysCall": "getaddrinfo"
    },
    "maxRetries": 2,
    "method": "GET",
    "timeout": 10000,
    "url": "http://registry.cnpmjs.org/vue-router"
  },
  "18 debug pnpm:request-retry": {
    "attempt": 2,
    "error": {
      "type": "system",
      "errno": "ENOTFOUND",
      "code": "ENOTFOUND",
      "erroredSysCall": "getaddrinfo"
    },
    "maxRetries": 2,
    "method": "GET",
    "timeout": 60000,
    "url": "http://registry.cnpmjs.org/@vue%2Fcli-plugin-router"
  },
  "19 debug pnpm:request-retry": {
    "attempt": 2,
    "error": {
      "type": "system",
      "errno": "ENOTFOUND",
      "code": "ENOTFOUND",
      "erroredSysCall": "getaddrinfo"
    },
    "maxRetries": 2,
    "method": "GET",
    "timeout": 60000,
    "url": "http://registry.cnpmjs.org/@vue%2Fcli-plugin-babel"
  },
  "20 debug pnpm:request-retry": {
    "attempt": 2,
    "error": {
      "type": "system",
      "errno": "ENOTFOUND",
      "code": "ENOTFOUND",
      "erroredSysCall": "getaddrinfo"
    },
    "maxRetries": 2,
    "method": "GET",
    "timeout": 60000,
    "url": "http://registry.cnpmjs.org/@vue%2Fcli-service"
  },
  "21 debug pnpm:request-retry": {
    "attempt": 2,
    "error": {
      "type": "system",
      "errno": "ENOTFOUND",
      "code": "ENOTFOUND",
      "erroredSysCall": "getaddrinfo"
    },
    "maxRetries": 2,
    "method": "GET",
    "timeout": 60000,
    "url": "http://registry.cnpmjs.org/babel-plugin-component"
  },
  "22 debug pnpm:request-retry": {
    "attempt": 2,
    "error": {
      "type": "system",
      "errno": "ENOTFOUND",
      "code": "ENOTFOUND",
      "erroredSysCall": "getaddrinfo"
    },
    "maxRetries": 2,
    "method": "GET",
    "timeout": 60000,
    "url": "http://registry.cnpmjs.org/sass-loader"
  },
  "23 debug pnpm:request-retry": {
    "attempt": 2,
    "error": {
      "type": "system",
      "errno": "ENOTFOUND",
      "code": "ENOTFOUND",
      "erroredSysCall": "getaddrinfo"
    },
    "maxRetries": 2,
    "method": "GET",
    "timeout": 60000,
    "url": "http://registry.cnpmjs.org/sass"
  },
  "24 debug pnpm:request-retry": {
    "attempt": 2,
    "error": {
      "type": "system",
      "errno": "ENOTFOUND",
      "code": "ENOTFOUND",
      "erroredSysCall": "getaddrinfo"
    },
    "maxRetries": 2,
    "method": "GET",
    "timeout": 60000,
    "url": "http://registry.cnpmjs.org/vue-cli-plugin-element"
  },
  "25 debug pnpm:request-retry": {
    "attempt": 2,
    "error": {
      "type": "system",
      "errno": "ENOTFOUND",
      "code": "ENOTFOUND",
      "erroredSysCall": "getaddrinfo"
    },
    "maxRetries": 2,
    "method": "GET",
    "timeout": 60000,
    "url": "http://registry.cnpmjs.org/vue-template-compiler"
  },
  "26 debug pnpm:request-retry": {
    "attempt": 2,
    "error": {
      "type": "system",
      "errno": "ENOTFOUND",
      "code": "ENOTFOUND",
      "erroredSysCall": "getaddrinfo"
    },
    "maxRetries": 2,
    "method": "GET",
    "timeout": 60000,
    "url": "http://registry.cnpmjs.org/core-js"
  },
  "27 debug pnpm:request-retry": {
    "attempt": 2,
    "error": {
      "type": "system",
      "errno": "ENOTFOUND",
      "code": "ENOTFOUND",
      "erroredSysCall": "getaddrinfo"
    },
    "maxRetries": 2,
    "method": "GET",
    "timeout": 60000,
    "url": "http://registry.cnpmjs.org/vue"
  },
  "28 debug pnpm:request-retry": {
    "attempt": 2,
    "error": {
      "type": "system",
      "errno": "ENOTFOUND",
      "code": "ENOTFOUND",
      "erroredSysCall": "getaddrinfo"
    },
    "maxRetries": 2,
    "method": "GET",
    "timeout": 60000,
    "url": "http://registry.cnpmjs.org/vue-router"
  },
  "29 error pnpm": {
    "code": "ERR_PNPM_META_FETCH_FAIL",
    "attempts": 1,
    "pkgsStack": [],
    "err": {
      "name": "pnpm",
      "message": "GET http://registry.cnpmjs.org/sass-loader: request to http://registry.cnpmjs.org/sass-loader failed, reason: getaddrinfo ENOTFOUND registry.cnpmjs.org",
      "code": "ERR_PNPM_META_FETCH_FAIL",
      "stack": "pnpm: GET http://registry.cnpmjs.org/sass-loader: request to http://registry.cnpmjs.org/sass-loader failed, reason: getaddrinfo ENOTFOUND registry.cnpmjs.org\n    at RetryOperation._fn (C:\\Users\\Administrator\\AppData\\Roaming\\npm\\node_modules\\pnpm\\dist\\pnpm.cjs:84944:18)\n    at processTicksAndRejections (node:internal/process/task_queues:96:5)"
    }
  }
}